[debug] [2020-12-13T13:37:11.531Z] ----------------------------------------------------------------------
[debug] [2020-12-13T13:37:11.534Z] Command:       C:\Program Files\nodejs\node.exe C:\Users\MASFIQ\AppData\Roaming\npm\node_modules\firebase-tools\lib\bin\firebase.js init
[debug] [2020-12-13T13:37:11.534Z] CLI Version:   8.19.0
[debug] [2020-12-13T13:37:11.534Z] Platform:      win32
[debug] [2020-12-13T13:37:11.534Z] Node Version:  v14.15.1
[debug] [2020-12-13T13:37:11.535Z] Time:          Sun Dec 13 2020 19:37:11 GMT+0600 (Bangladesh Standard Time)
[debug] [2020-12-13T13:37:11.536Z] ----------------------------------------------------------------------
[debug] [2020-12-13T13:37:11.536Z] 
[debug] [2020-12-13T13:37:11.541Z] > command requires scopes: ["email","openid","https://www.googleapis.com/auth/cloudplatformprojects.readonly","https://www.googleapis.com/auth/firebase","https://www.googleapis.com/auth/cloud-platform"]
[debug] [2020-12-13T13:37:11.542Z] > authorizing via signed-in user
[info] 
     ######## #### ########  ######## ########     ###     ######  ########
     ##        ##  ##     ## ##       ##     ##  ##   ##  ##       ##
     ######    ##  ########  ######   ########  #########  ######  ######
     ##        ##  ##    ##  ##       ##     ## ##     ##       ## ##
     ##       #### ##     ## ######## ########  ##     ##  ######  ########

You're about to initialize a Firebase project in this directory:

  D:\CODE\chatapp\whatsapp-clone

Before we get started, keep in mind:

  * You are initializing in an existing Firebase project directory

[info] 
=== Project Setup
[info] 
[info] First, let's associate this project directory with a Firebase project.
[info] You can create multiple project aliases by running firebase use --add, 
[info] but for now we'll just set up a default project.
[info] 
[info] i  .firebaserc already has a default project, using adda-app-clone. 
[debug] [2020-12-13T13:37:21.113Z] >>> HTTP REQUEST GET https://firebase.googleapis.com/v1beta1/projects/adda-app-clone  
 
[debug] [2020-12-13T13:37:21.649Z] <<< HTTP RESPONSE 200 {"content-type":"application/json; charset=UTF-8","vary":"X-Origin, Referer, Origin,Accept-Encoding","date":"Sun, 13 Dec 2020 13:37:22 GMT","server":"ESF","cache-control":"private","x-xss-protection":"0","x-frame-options":"SAMEORIGIN","x-content-type-options":"nosniff","alt-svc":"h3-29=\":443\"; ma=2592000,h3-T051=\":443\"; ma=2592000,h3-Q050=\":443\"; ma=2592000,h3-Q046=\":443\"; ma=2592000,h3-Q043=\":443\"; ma=2592000,quic=\":443\"; ma=2592000; v=\"46,43\"","accept-ranges":"none","transfer-encoding":"chunked"}
[info] 
=== Hosting Setup
[info] 
[info] Your public directory is the folder (relative to your project directory) that
[info] will contain Hosting assets to be uploaded with firebase deploy. If you
[info] have a build process for your assets, use your build's output directory.
[info] 
